<?xml version="1.0" encoding="utf-8"?><testsuites name="pytest tests"><testsuite name="pytest" errors="0" failures="0" skipped="12" tests="12" time="3.269" timestamp="2026-02-01T08:32:08.657839+00:00" hostname="agent-env-b1fbe93e-92f1-420d-9d76-a18cfbb81a49"><testcase classname="backend.tests.test_portfolio_holdings_bug.TestPortfolioHoldingsBugFix" name="test_01_default_portfolio_created_on_registration" time="0.300"><skipped type="pytest.skip" message="Failed to register test user: {&quot;access_token&quot;:&quot;eyJhbGciOiJIUzI1NiIsInR5cCI6IkpXVCJ9.eyJzdWIiOiI4NzJmZTU0ZC03YTUxLTQwYjEtOWE5Yy00MDhmN2YyNGM3MWUiLCJleHAiOjE3NzAwMjExMjksImlhdCI6MTc2OTkzNDcyOX0.sgPoEjrJ2JD_AGdo5MFv7afh18XH1VM0prcFix-s37E&quot;,&quot;token_type&quot;:&quot;bearer&quot;,&quot;user&quot;:{&quot;id&quot;:&quot;872fe54d-7a51-40b1-9a9c-408f7f24c71e&quot;,&quot;email&quot;:&quot;TEST_portfolio_bug_9c354b9a@test.com&quot;,&quot;name&quot;:&quot;Portfolio Bug Test User&quot;,&quot;created_at&quot;:&quot;2026-02-01T08:32:09.010208+00:00&quot;}}">/app/backend/tests/test_portfolio_holdings_bug.py:53: Failed to register test user: {"access_token":"eyJhbGciOiJIUzI1NiIsInR5cCI6IkpXVCJ9.eyJzdWIiOiI4NzJmZTU0ZC03YTUxLTQwYjEtOWE5Yy00MDhmN2YyNGM3MWUiLCJleHAiOjE3NzAwMjExMjksImlhdCI6MTc2OTkzNDcyOX0.sgPoEjrJ2JD_AGdo5MFv7afh18XH1VM0prcFix-s37E","token_type":"bearer","user":{"id":"872fe54d-7a51-40b1-9a9c-408f7f24c71e","email":"TEST_portfolio_bug_9c354b9a@test.com","name":"Portfolio Bug Test User","created_at":"2026-02-01T08:32:09.010208+00:00"}}</skipped></testcase><testcase classname="backend.tests.test_portfolio_holdings_bug.TestPortfolioHoldingsBugFix" name="test_02_create_holding_with_portfolio_id" time="0.297"><skipped type="pytest.skip" message="Failed to register test user: {&quot;access_token&quot;:&quot;eyJhbGciOiJIUzI1NiIsInR5cCI6IkpXVCJ9.eyJzdWIiOiIyY2E0NWI3My00OWMwLTQ5NzQtYmE3My02YmJkMzcxYjc0NzgiLCJleHAiOjE3NzAwMjExMjksImlhdCI6MTc2OTkzNDcyOX0.zhI2KTWCRpzDX2yWnjeBvOETYaR5BK7KDV2lK8tMpKI&quot;,&quot;token_type&quot;:&quot;bearer&quot;,&quot;user&quot;:{&quot;id&quot;:&quot;2ca45b73-49c0-4974-ba73-6bbd371b7478&quot;,&quot;email&quot;:&quot;TEST_portfolio_bug_c4772a20@test.com&quot;,&quot;name&quot;:&quot;Portfolio Bug Test User&quot;,&quot;created_at&quot;:&quot;2026-02-01T08:32:09.271017+00:00&quot;}}">/app/backend/tests/test_portfolio_holdings_bug.py:69: Failed to register test user: {"access_token":"eyJhbGciOiJIUzI1NiIsInR5cCI6IkpXVCJ9.eyJzdWIiOiIyY2E0NWI3My00OWMwLTQ5NzQtYmE3My02YmJkMzcxYjc0NzgiLCJleHAiOjE3NzAwMjExMjksImlhdCI6MTc2OTkzNDcyOX0.zhI2KTWCRpzDX2yWnjeBvOETYaR5BK7KDV2lK8tMpKI","token_type":"bearer","user":{"id":"2ca45b73-49c0-4974-ba73-6bbd371b7478","email":"TEST_portfolio_bug_c4772a20@test.com","name":"Portfolio Bug Test User","created_at":"2026-02-01T08:32:09.271017+00:00"}}</skipped></testcase><testcase classname="backend.tests.test_portfolio_holdings_bug.TestPortfolioHoldingsBugFix" name="test_03_create_holding_without_portfolio_id_uses_default" time="0.260"><skipped type="pytest.skip" message="Failed to register test user: {&quot;access_token&quot;:&quot;eyJhbGciOiJIUzI1NiIsInR5cCI6IkpXVCJ9.eyJzdWIiOiIzNGI0NTQ4MS00ZDRhLTQ1YzEtODA4Ny0wMzRmMjgxNmFkMDkiLCJleHAiOjE3NzAwMjExMjksImlhdCI6MTc2OTkzNDcyOX0.60H3NVk_3ctGzVx46Kwb-7rgDmdsh5VWuy1vkXnfb7I&quot;,&quot;token_type&quot;:&quot;bearer&quot;,&quot;user&quot;:{&quot;id&quot;:&quot;34b45481-4d4a-45c1-8087-034f2816ad09&quot;,&quot;email&quot;:&quot;TEST_portfolio_bug_d7cc03c0@test.com&quot;,&quot;name&quot;:&quot;Portfolio Bug Test User&quot;,&quot;created_at&quot;:&quot;2026-02-01T08:32:09.571859+00:00&quot;}}">/app/backend/tests/test_portfolio_holdings_bug.py:95: Failed to register test user: {"access_token":"eyJhbGciOiJIUzI1NiIsInR5cCI6IkpXVCJ9.eyJzdWIiOiIzNGI0NTQ4MS00ZDRhLTQ1YzEtODA4Ny0wMzRmMjgxNmFkMDkiLCJleHAiOjE3NzAwMjExMjksImlhdCI6MTc2OTkzNDcyOX0.60H3NVk_3ctGzVx46Kwb-7rgDmdsh5VWuy1vkXnfb7I","token_type":"bearer","user":{"id":"34b45481-4d4a-45c1-8087-034f2816ad09","email":"TEST_portfolio_bug_d7cc03c0@test.com","name":"Portfolio Bug Test User","created_at":"2026-02-01T08:32:09.571859+00:00"}}</skipped></testcase><testcase classname="backend.tests.test_portfolio_holdings_bug.TestPortfolioHoldingsBugFix" name="test_04_get_holdings_filtered_by_portfolio" time="0.258"><skipped type="pytest.skip" message="Failed to register test user: {&quot;access_token&quot;:&quot;eyJhbGciOiJIUzI1NiIsInR5cCI6IkpXVCJ9.eyJzdWIiOiI5NTJlN2U5OS1iODUzLTQwODUtODQ4OS00MTg2ODgwNWQ1ZTYiLCJleHAiOjE3NzAwMjExMjksImlhdCI6MTc2OTkzNDcyOX0.meCfB20ocbJeagaiGuIPs5fcBryaALyCZxnuMaM2fsU&quot;,&quot;token_type&quot;:&quot;bearer&quot;,&quot;user&quot;:{&quot;id&quot;:&quot;952e7e99-b853-4085-8489-41868805d5e6&quot;,&quot;email&quot;:&quot;TEST_portfolio_bug_866cdfd3@test.com&quot;,&quot;name&quot;:&quot;Portfolio Bug Test User&quot;,&quot;created_at&quot;:&quot;2026-02-01T08:32:09.831153+00:00&quot;}}">/app/backend/tests/test_portfolio_holdings_bug.py:117: Failed to register test user: {"access_token":"eyJhbGciOiJIUzI1NiIsInR5cCI6IkpXVCJ9.eyJzdWIiOiI5NTJlN2U5OS1iODUzLTQwODUtODQ4OS00MTg2ODgwNWQ1ZTYiLCJleHAiOjE3NzAwMjExMjksImlhdCI6MTc2OTkzNDcyOX0.meCfB20ocbJeagaiGuIPs5fcBryaALyCZxnuMaM2fsU","token_type":"bearer","user":{"id":"952e7e99-b853-4085-8489-41868805d5e6","email":"TEST_portfolio_bug_866cdfd3@test.com","name":"Portfolio Bug Test User","created_at":"2026-02-01T08:32:09.831153+00:00"}}</skipped></testcase><testcase classname="backend.tests.test_portfolio_holdings_bug.TestPortfolioHoldingsBugFix" name="test_05_portfolio_summary_with_portfolio_id" time="0.258"><skipped type="pytest.skip" message="Failed to register test user: {&quot;access_token&quot;:&quot;eyJhbGciOiJIUzI1NiIsInR5cCI6IkpXVCJ9.eyJzdWIiOiJlZjExNmRmNC00OWIyLTQ4YzgtOTFlZi1lZjU4MzlmOWRjMjIiLCJleHAiOjE3NzAwMjExMzAsImlhdCI6MTc2OTkzNDczMH0.4YjhY3Y5lxNldETyEJBQb4fSabOEKE-eB_fsvxhRBFA&quot;,&quot;token_type&quot;:&quot;bearer&quot;,&quot;user&quot;:{&quot;id&quot;:&quot;ef116df4-49b2-48c8-91ef-ef5839f9dc22&quot;,&quot;email&quot;:&quot;TEST_portfolio_bug_c7116ed0@test.com&quot;,&quot;name&quot;:&quot;Portfolio Bug Test User&quot;,&quot;created_at&quot;:&quot;2026-02-01T08:32:10.089616+00:00&quot;}}">/app/backend/tests/test_portfolio_holdings_bug.py:134: Failed to register test user: {"access_token":"eyJhbGciOiJIUzI1NiIsInR5cCI6IkpXVCJ9.eyJzdWIiOiJlZjExNmRmNC00OWIyLTQ4YzgtOTFlZi1lZjU4MzlmOWRjMjIiLCJleHAiOjE3NzAwMjExMzAsImlhdCI6MTc2OTkzNDczMH0.4YjhY3Y5lxNldETyEJBQb4fSabOEKE-eB_fsvxhRBFA","token_type":"bearer","user":{"id":"ef116df4-49b2-48c8-91ef-ef5839f9dc22","email":"TEST_portfolio_bug_c7116ed0@test.com","name":"Portfolio Bug Test User","created_at":"2026-02-01T08:32:10.089616+00:00"}}</skipped></testcase><testcase classname="backend.tests.test_portfolio_holdings_bug.TestPortfolioHoldingsBugFix" name="test_06_portfolio_summary_without_portfolio_id" time="0.265"><skipped type="pytest.skip" message="Failed to register test user: {&quot;access_token&quot;:&quot;eyJhbGciOiJIUzI1NiIsInR5cCI6IkpXVCJ9.eyJzdWIiOiI0ZDFlMzlmYy02YjY0LTRlZDYtOTM5Ni02ZTI4NGRhZDUzNGEiLCJleHAiOjE3NzAwMjExMzAsImlhdCI6MTc2OTkzNDczMH0.i0T_Of-rPur2qXkofvoQLNbXlVafoSdUQVU3WhK5s9o&quot;,&quot;token_type&quot;:&quot;bearer&quot;,&quot;user&quot;:{&quot;id&quot;:&quot;4d1e39fc-6b64-4ed6-9396-6e284dad534a&quot;,&quot;email&quot;:&quot;TEST_portfolio_bug_0d0ef7f3@test.com&quot;,&quot;name&quot;:&quot;Portfolio Bug Test User&quot;,&quot;created_at&quot;:&quot;2026-02-01T08:32:10.353770+00:00&quot;}}">/app/backend/tests/test_portfolio_holdings_bug.py:166: Failed to register test user: {"access_token":"eyJhbGciOiJIUzI1NiIsInR5cCI6IkpXVCJ9.eyJzdWIiOiI0ZDFlMzlmYy02YjY0LTRlZDYtOTM5Ni02ZTI4NGRhZDUzNGEiLCJleHAiOjE3NzAwMjExMzAsImlhdCI6MTc2OTkzNDczMH0.i0T_Of-rPur2qXkofvoQLNbXlVafoSdUQVU3WhK5s9o","token_type":"bearer","user":{"id":"4d1e39fc-6b64-4ed6-9396-6e284dad534a","email":"TEST_portfolio_bug_0d0ef7f3@test.com","name":"Portfolio Bug Test User","created_at":"2026-02-01T08:32:10.353770+00:00"}}</skipped></testcase><testcase classname="backend.tests.test_portfolio_holdings_bug.TestPortfolioHoldingsBugFix" name="test_07_holdings_linked_to_correct_portfolio" time="0.266"><skipped type="pytest.skip" message="Failed to register test user: {&quot;access_token&quot;:&quot;eyJhbGciOiJIUzI1NiIsInR5cCI6IkpXVCJ9.eyJzdWIiOiJiMzQwMDRiOC00MTZjLTRlM2ItYTE3ZC01NmM2ZjFiOGU4MmMiLCJleHAiOjE3NzAwMjExMzAsImlhdCI6MTc2OTkzNDczMH0.OsQn8SJuEagGDg0-_Xi5MSqRrhZdvJzH7su18QOy52c&quot;,&quot;token_type&quot;:&quot;bearer&quot;,&quot;user&quot;:{&quot;id&quot;:&quot;b34004b8-416c-4e3b-a17d-56c6f1b8e82c&quot;,&quot;email&quot;:&quot;TEST_portfolio_bug_90f7315f@test.com&quot;,&quot;name&quot;:&quot;Portfolio Bug Test User&quot;,&quot;created_at&quot;:&quot;2026-02-01T08:32:10.620055+00:00&quot;}}">/app/backend/tests/test_portfolio_holdings_bug.py:176: Failed to register test user: {"access_token":"eyJhbGciOiJIUzI1NiIsInR5cCI6IkpXVCJ9.eyJzdWIiOiJiMzQwMDRiOC00MTZjLTRlM2ItYTE3ZC01NmM2ZjFiOGU4MmMiLCJleHAiOjE3NzAwMjExMzAsImlhdCI6MTc2OTkzNDczMH0.OsQn8SJuEagGDg0-_Xi5MSqRrhZdvJzH7su18QOy52c","token_type":"bearer","user":{"id":"b34004b8-416c-4e3b-a17d-56c6f1b8e82c","email":"TEST_portfolio_bug_90f7315f@test.com","name":"Portfolio Bug Test User","created_at":"2026-02-01T08:32:10.620055+00:00"}}</skipped></testcase><testcase classname="backend.tests.test_portfolio_holdings_bug.TestPortfolioHoldingsBugFix" name="test_08_specific_portfolio_summary_endpoint" time="0.255"><skipped type="pytest.skip" message="Failed to register test user: {&quot;access_token&quot;:&quot;eyJhbGciOiJIUzI1NiIsInR5cCI6IkpXVCJ9.eyJzdWIiOiIyNjZmMmRkMy00NWFlLTQ0NWUtYWMxNC1hMDQ0NjgzOTg4MDkiLCJleHAiOjE3NzAwMjExMzAsImlhdCI6MTc2OTkzNDczMH0.iGXuqbtKu_CCYBI1XTf6ZzmP2gkjO7Y-RkhjzgDZmUg&quot;,&quot;token_type&quot;:&quot;bearer&quot;,&quot;user&quot;:{&quot;id&quot;:&quot;266f2dd3-45ae-445e-ac14-a04468398809&quot;,&quot;email&quot;:&quot;TEST_portfolio_bug_ee0b81df@test.com&quot;,&quot;name&quot;:&quot;Portfolio Bug Test User&quot;,&quot;created_at&quot;:&quot;2026-02-01T08:32:10.876881+00:00&quot;}}">/app/backend/tests/test_portfolio_holdings_bug.py:194: Failed to register test user: {"access_token":"eyJhbGciOiJIUzI1NiIsInR5cCI6IkpXVCJ9.eyJzdWIiOiIyNjZmMmRkMy00NWFlLTQ0NWUtYWMxNC1hMDQ0NjgzOTg4MDkiLCJleHAiOjE3NzAwMjExMzAsImlhdCI6MTc2OTkzNDczMH0.iGXuqbtKu_CCYBI1XTf6ZzmP2gkjO7Y-RkhjzgDZmUg","token_type":"bearer","user":{"id":"266f2dd3-45ae-445e-ac14-a04468398809","email":"TEST_portfolio_bug_ee0b81df@test.com","name":"Portfolio Bug Test User","created_at":"2026-02-01T08:32:10.876881+00:00"}}</skipped></testcase><testcase classname="backend.tests.test_portfolio_holdings_bug.TestHoldingsCRUD" name="test_create_holding" time="0.259"><skipped type="pytest.skip" message="Failed to register: {&quot;access_token&quot;:&quot;eyJhbGciOiJIUzI1NiIsInR5cCI6IkpXVCJ9.eyJzdWIiOiJiY2VkNzgzNi1iZmIxLTQ2ZjYtOTg5Yy00Yjk1NmZiYjhkMTIiLCJleHAiOjE3NzAwMjExMzEsImlhdCI6MTc2OTkzNDczMX0.Q6scLZ99cuCFV_2eUBXz9JBcKK-aXGUCNG7KxX4i2OI&quot;,&quot;token_type&quot;:&quot;bearer&quot;,&quot;user&quot;:{&quot;id&quot;:&quot;bced7836-bfb1-46f6-989c-4b956fbb8d12&quot;,&quot;email&quot;:&quot;TEST_crud_7311ab88@test.com&quot;,&quot;name&quot;:&quot;CRUD Test User&quot;,&quot;created_at&quot;:&quot;2026-02-01T08:32:11.136452+00:00&quot;}}">/app/backend/tests/test_portfolio_holdings_bug.py:239: Failed to register: {"access_token":"eyJhbGciOiJIUzI1NiIsInR5cCI6IkpXVCJ9.eyJzdWIiOiJiY2VkNzgzNi1iZmIxLTQ2ZjYtOTg5Yy00Yjk1NmZiYjhkMTIiLCJleHAiOjE3NzAwMjExMzEsImlhdCI6MTc2OTkzNDczMX0.Q6scLZ99cuCFV_2eUBXz9JBcKK-aXGUCNG7KxX4i2OI","token_type":"bearer","user":{"id":"bced7836-bfb1-46f6-989c-4b956fbb8d12","email":"TEST_crud_7311ab88@test.com","name":"CRUD Test User","created_at":"2026-02-01T08:32:11.136452+00:00"}}</skipped></testcase><testcase classname="backend.tests.test_portfolio_holdings_bug.TestHoldingsCRUD" name="test_read_holdings" time="0.260"><skipped type="pytest.skip" message="Failed to register: {&quot;access_token&quot;:&quot;eyJhbGciOiJIUzI1NiIsInR5cCI6IkpXVCJ9.eyJzdWIiOiI2YzczNThhOC1hYjAzLTQ3MjEtYjI3NC1mNGQ2MWZkMDczY2QiLCJleHAiOjE3NzAwMjExMzEsImlhdCI6MTc2OTkzNDczMX0.IPJEO40BlsBvnj1jlwlEM4JhNd_5wiPU9rjWpLdQgg8&quot;,&quot;token_type&quot;:&quot;bearer&quot;,&quot;user&quot;:{&quot;id&quot;:&quot;6c7358a8-ab03-4721-b274-f4d61fd073cd&quot;,&quot;email&quot;:&quot;TEST_crud_135ea28d@test.com&quot;,&quot;name&quot;:&quot;CRUD Test User&quot;,&quot;created_at&quot;:&quot;2026-02-01T08:32:11.396800+00:00&quot;}}">/app/backend/tests/test_portfolio_holdings_bug.py:259: Failed to register: {"access_token":"eyJhbGciOiJIUzI1NiIsInR5cCI6IkpXVCJ9.eyJzdWIiOiI2YzczNThhOC1hYjAzLTQ3MjEtYjI3NC1mNGQ2MWZkMDczY2QiLCJleHAiOjE3NzAwMjExMzEsImlhdCI6MTc2OTkzNDczMX0.IPJEO40BlsBvnj1jlwlEM4JhNd_5wiPU9rjWpLdQgg8","token_type":"bearer","user":{"id":"6c7358a8-ab03-4721-b274-f4d61fd073cd","email":"TEST_crud_135ea28d@test.com","name":"CRUD Test User","created_at":"2026-02-01T08:32:11.396800+00:00"}}</skipped></testcase><testcase classname="backend.tests.test_portfolio_holdings_bug.TestHoldingsCRUD" name="test_update_holding" time="0.261"><skipped type="pytest.skip" message="Failed to register: {&quot;access_token&quot;:&quot;eyJhbGciOiJIUzI1NiIsInR5cCI6IkpXVCJ9.eyJzdWIiOiIyMGUxNjYyNS1hNTI0LTQyY2MtOThmNy1jOTg3NWFhNmVlNjMiLCJleHAiOjE3NzAwMjExMzEsImlhdCI6MTc2OTkzNDczMX0.4hdYGM_YH-D_Ul1Pk6CCwXXm89YCaVi1a2yNhVMZlHg&quot;,&quot;token_type&quot;:&quot;bearer&quot;,&quot;user&quot;:{&quot;id&quot;:&quot;20e16625-a524-42cc-98f7-c9875aa6ee63&quot;,&quot;email&quot;:&quot;TEST_crud_077ca252@test.com&quot;,&quot;name&quot;:&quot;CRUD Test User&quot;,&quot;created_at&quot;:&quot;2026-02-01T08:32:11.657726+00:00&quot;}}">/app/backend/tests/test_portfolio_holdings_bug.py:268: Failed to register: {"access_token":"eyJhbGciOiJIUzI1NiIsInR5cCI6IkpXVCJ9.eyJzdWIiOiIyMGUxNjYyNS1hNTI0LTQyY2MtOThmNy1jOTg3NWFhNmVlNjMiLCJleHAiOjE3NzAwMjExMzEsImlhdCI6MTc2OTkzNDczMX0.4hdYGM_YH-D_Ul1Pk6CCwXXm89YCaVi1a2yNhVMZlHg","token_type":"bearer","user":{"id":"20e16625-a524-42cc-98f7-c9875aa6ee63","email":"TEST_crud_077ca252@test.com","name":"CRUD Test User","created_at":"2026-02-01T08:32:11.657726+00:00"}}</skipped></testcase><testcase classname="backend.tests.test_portfolio_holdings_bug.TestHoldingsCRUD" name="test_delete_holding" time="0.263"><skipped type="pytest.skip" message="Failed to register: {&quot;access_token&quot;:&quot;eyJhbGciOiJIUzI1NiIsInR5cCI6IkpXVCJ9.eyJzdWIiOiI5MDkxZTYxMi1kY2Q2LTQxYmMtYjIzZS0yYmM0NjFhOGVmNWMiLCJleHAiOjE3NzAwMjExMzEsImlhdCI6MTc2OTkzNDczMX0.q2NSclDRbUXUzBCkhqYvnz_yNoKWiZ8YWuEu6pKvueU&quot;,&quot;token_type&quot;:&quot;bearer&quot;,&quot;user&quot;:{&quot;id&quot;:&quot;9091e612-dcd6-41bc-b23e-2bc461a8ef5c&quot;,&quot;email&quot;:&quot;TEST_crud_45c9e98f@test.com&quot;,&quot;name&quot;:&quot;CRUD Test User&quot;,&quot;created_at&quot;:&quot;2026-02-01T08:32:11.921124+00:00&quot;}}">/app/backend/tests/test_portfolio_holdings_bug.py:295: Failed to register: {"access_token":"eyJhbGciOiJIUzI1NiIsInR5cCI6IkpXVCJ9.eyJzdWIiOiI5MDkxZTYxMi1kY2Q2LTQxYmMtYjIzZS0yYmM0NjFhOGVmNWMiLCJleHAiOjE3NzAwMjExMzEsImlhdCI6MTc2OTkzNDczMX0.q2NSclDRbUXUzBCkhqYvnz_yNoKWiZ8YWuEu6pKvueU","token_type":"bearer","user":{"id":"9091e612-dcd6-41bc-b23e-2bc461a8ef5c","email":"TEST_crud_45c9e98f@test.com","name":"CRUD Test User","created_at":"2026-02-01T08:32:11.921124+00:00"}}</skipped></testcase></testsuite></testsuites>