<?xml version="1.0" encoding="utf-8"?><testsuites name="pytest tests"><testsuite name="pytest" errors="0" failures="0" skipped="0" tests="12" time="4.543" timestamp="2026-02-01T08:32:33.761278+00:00" hostname="agent-env-b1fbe93e-92f1-420d-9d76-a18cfbb81a49"><testcase classname="backend.tests.test_portfolio_holdings_bug.TestPortfolioHoldingsBugFix" name="test_01_default_portfolio_created_on_registration" time="0.336" /><testcase classname="backend.tests.test_portfolio_holdings_bug.TestPortfolioHoldingsBugFix" name="test_02_create_holding_with_portfolio_id" time="0.355" /><testcase classname="backend.tests.test_portfolio_holdings_bug.TestPortfolioHoldingsBugFix" name="test_03_create_holding_without_portfolio_id_uses_default" time="0.358" /><testcase classname="backend.tests.test_portfolio_holdings_bug.TestPortfolioHoldingsBugFix" name="test_04_get_holdings_filtered_by_portfolio" time="0.371" /><testcase classname="backend.tests.test_portfolio_holdings_bug.TestPortfolioHoldingsBugFix" name="test_05_portfolio_summary_with_portfolio_id" time="0.868" /><testcase classname="backend.tests.test_portfolio_holdings_bug.TestPortfolioHoldingsBugFix" name="test_06_portfolio_summary_without_portfolio_id" time="0.291" /><testcase classname="backend.tests.test_portfolio_holdings_bug.TestPortfolioHoldingsBugFix" name="test_07_holdings_linked_to_correct_portfolio" time="0.368" /><testcase classname="backend.tests.test_portfolio_holdings_bug.TestPortfolioHoldingsBugFix" name="test_08_specific_portfolio_summary_endpoint" time="0.332" /><testcase classname="backend.tests.test_portfolio_holdings_bug.TestHoldingsCRUD" name="test_create_holding" time="0.282" /><testcase classname="backend.tests.test_portfolio_holdings_bug.TestHoldingsCRUD" name="test_read_holdings" time="0.269" /><testcase classname="backend.tests.test_portfolio_holdings_bug.TestHoldingsCRUD" name="test_update_holding" time="0.332" /><testcase classname="backend.tests.test_portfolio_holdings_bug.TestHoldingsCRUD" name="test_delete_holding" time="0.311" /></testsuite></testsuites>